<?xml version="1.0" encoding="UTF-8"?>
<testng-results ignored="0" total="1" passed="0" failed="0" skipped="1">
  <reporter-output>
  </reporter-output>
  <suite started-at="2020-04-10T19:22:51 IST" name="Default suite" finished-at="2020-04-10T19:22:51 IST" duration-ms="169">
    <groups>
    </groups>
    <test started-at="2020-04-10T19:22:51 IST" name="Default test" finished-at="2020-04-10T19:22:51 IST" duration-ms="169">
      <class name="automation.stepdefinition.vr_tc01">
        <test-method is-config="true" signature="click_on_the_Register_button()[pri:0, instance:automation.stepdefinition.vr_tc01@bef2d72]" started-at="2020-04-10T19:22:51 IST" name="click_on_the_Register_button" finished-at="2020-04-10T19:22:51 IST" duration-ms="103" status="FAIL">
          <exception class="java.lang.NullPointerException">
            <full-stacktrace>
              <![CDATA[java.lang.NullPointerException
at org.openqa.selenium.support.pagefactory.DefaultElementLocator.findElement(DefaultElementLocator.java:69)
at org.openqa.selenium.support.pagefactory.internal.LocatingElementHandler.invoke(LocatingElementHandler.java:38)
at com.sun.proxy.$Proxy15.click(Unknown Source)
at automation.pages.RegisterPage.register(RegisterPage.java:34)
at automation.stepdefinition.vr_tc01.click_on_the_Register_button(vr_tc01.java:49)
at java.base/jdk.internal.reflect.NativeMethodAccessorImpl.invoke0(Native Method)
at java.base/jdk.internal.reflect.NativeMethodAccessorImpl.invoke(NativeMethodAccessorImpl.java:62)
at java.base/jdk.internal.reflect.DelegatingMethodAccessorImpl.invoke(DelegatingMethodAccessorImpl.java:43)
at java.base/java.lang.reflect.Method.invoke(Method.java:567)
at org.testng.internal.MethodInvocationHelper.invokeMethod(MethodInvocationHelper.java:133)
at org.testng.internal.MethodInvocationHelper.invokeMethodConsideringTimeout(MethodInvocationHelper.java:62)
at org.testng.internal.ConfigInvoker.invokeConfigurationMethod(ConfigInvoker.java:340)
at org.testng.internal.ConfigInvoker.invokeConfigurations(ConfigInvoker.java:294)
at org.testng.TestRunner.invokeTestConfigurations(TestRunner.java:623)
at org.testng.TestRunner.beforeRun(TestRunner.java:613)
at org.testng.TestRunner.run(TestRunner.java:584)
at org.testng.SuiteRunner.runTest(SuiteRunner.java:402)
at org.testng.SuiteRunner.runSequentially(SuiteRunner.java:396)
at org.testng.SuiteRunner.privateRun(SuiteRunner.java:355)
at org.testng.SuiteRunner.run(SuiteRunner.java:304)
at org.testng.SuiteRunnerWorker.runSuite(SuiteRunnerWorker.java:53)
at org.testng.SuiteRunnerWorker.run(SuiteRunnerWorker.java:96)
at org.testng.TestNG.runSuitesSequentially(TestNG.java:1180)
at org.testng.TestNG.runSuitesLocally(TestNG.java:1102)
at org.testng.TestNG.runSuites(TestNG.java:1032)
at org.testng.TestNG.run(TestNG.java:1000)
at org.testng.remote.AbstractRemoteTestNG.run(AbstractRemoteTestNG.java:115)
at org.testng.remote.RemoteTestNG.initAndRun(RemoteTestNG.java:251)
at org.testng.remote.RemoteTestNG.main(RemoteTestNG.java:77)
]]>
            </full-stacktrace>
          </exception> <!-- java.lang.NullPointerException -->
          <reporter-output>
          </reporter-output>
        </test-method> <!-- click_on_the_Register_button -->
        <test-method is-config="true" signature="the_user_fills_valid_username_and_Password()[pri:0, instance:automation.stepdefinition.vr_tc01@bef2d72]" started-at="2020-04-10T19:22:51 IST" name="the_user_fills_valid_username_and_Password" finished-at="1970-01-01T05:30:00 IST" duration-ms="-1586526771423" status="SKIP">
          <reporter-output>
          </reporter-output>
        </test-method> <!-- the_user_fills_valid_username_and_Password -->
        <test-method is-config="true" signature="the_user_open_My_Accounts_Page()[pri:0, instance:automation.stepdefinition.vr_tc01@bef2d72]" started-at="2020-04-10T19:22:51 IST" name="the_user_open_My_Accounts_Page" finished-at="1970-01-01T05:30:00 IST" duration-ms="-1586526771424" status="SKIP">
          <reporter-output>
          </reporter-output>
        </test-method> <!-- the_user_open_My_Accounts_Page -->
        <test-method signature="the_user_launch_the_application_in_the_browser()[pri:0, instance:automation.stepdefinition.vr_tc01@bef2d72]" started-at="2020-04-10T19:22:51 IST" name="the_user_launch_the_application_in_the_browser" finished-at="2020-04-10T19:22:51 IST" duration-ms="0" status="SKIP">
          <exception class="java.lang.NullPointerException">
            <full-stacktrace>
              <![CDATA[java.lang.NullPointerException
at org.openqa.selenium.support.pagefactory.DefaultElementLocator.findElement(DefaultElementLocator.java:69)
at org.openqa.selenium.support.pagefactory.internal.LocatingElementHandler.invoke(LocatingElementHandler.java:38)
at com.sun.proxy.$Proxy15.click(Unknown Source)
at automation.pages.RegisterPage.register(RegisterPage.java:34)
at automation.stepdefinition.vr_tc01.click_on_the_Register_button(vr_tc01.java:49)
at java.base/jdk.internal.reflect.NativeMethodAccessorImpl.invoke0(Native Method)
at java.base/jdk.internal.reflect.NativeMethodAccessorImpl.invoke(NativeMethodAccessorImpl.java:62)
at java.base/jdk.internal.reflect.DelegatingMethodAccessorImpl.invoke(DelegatingMethodAccessorImpl.java:43)
at java.base/java.lang.reflect.Method.invoke(Method.java:567)
at org.testng.internal.MethodInvocationHelper.invokeMethod(MethodInvocationHelper.java:133)
at org.testng.internal.MethodInvocationHelper.invokeMethodConsideringTimeout(MethodInvocationHelper.java:62)
at org.testng.internal.ConfigInvoker.invokeConfigurationMethod(ConfigInvoker.java:340)
at org.testng.internal.ConfigInvoker.invokeConfigurations(ConfigInvoker.java:294)
at org.testng.TestRunner.invokeTestConfigurations(TestRunner.java:623)
at org.testng.TestRunner.beforeRun(TestRunner.java:613)
at org.testng.TestRunner.run(TestRunner.java:584)
at org.testng.SuiteRunner.runTest(SuiteRunner.java:402)
at org.testng.SuiteRunner.runSequentially(SuiteRunner.java:396)
at org.testng.SuiteRunner.privateRun(SuiteRunner.java:355)
at org.testng.SuiteRunner.run(SuiteRunner.java:304)
at org.testng.SuiteRunnerWorker.runSuite(SuiteRunnerWorker.java:53)
at org.testng.SuiteRunnerWorker.run(SuiteRunnerWorker.java:96)
at org.testng.TestNG.runSuitesSequentially(TestNG.java:1180)
at org.testng.TestNG.runSuitesLocally(TestNG.java:1102)
at org.testng.TestNG.runSuites(TestNG.java:1032)
at org.testng.TestNG.run(TestNG.java:1000)
at org.testng.remote.AbstractRemoteTestNG.run(AbstractRemoteTestNG.java:115)
at org.testng.remote.RemoteTestNG.initAndRun(RemoteTestNG.java:251)
at org.testng.remote.RemoteTestNG.main(RemoteTestNG.java:77)
]]>
            </full-stacktrace>
          </exception> <!-- java.lang.NullPointerException -->
          <reporter-output>
          </reporter-output>
        </test-method> <!-- the_user_launch_the_application_in_the_browser -->
        <test-method is-config="true" signature="i_validate_the_outcomes()[pri:0, instance:automation.stepdefinition.vr_tc01@bef2d72]" started-at="2020-04-10T19:22:51 IST" name="i_validate_the_outcomes" finished-at="1970-01-01T05:30:00 IST" duration-ms="-1586526771460" status="SKIP">
          <reporter-output>
          </reporter-output>
        </test-method> <!-- i_validate_the_outcomes -->
      </class> <!-- automation.stepdefinition.vr_tc01 -->
    </test> <!-- Default test -->
  </suite> <!-- Default suite -->
</testng-results>
