<?xml version="1.0" encoding="UTF-8"?>
<testng-results ignored="0" total="1" passed="1" failed="0" skipped="0">
  <reporter-output>
  </reporter-output>
  <suite started-at="2020-04-11T21:00:00 IST" name="Default suite" finished-at="2020-04-11T21:00:46 IST" duration-ms="46071">
    <groups>
    </groups>
    <test started-at="2020-04-11T21:00:00 IST" name="Default test" finished-at="2020-04-11T21:00:46 IST" duration-ms="46071">
      <class name="automation.testrunner.testng">
        <test-method is-config="true" signature="beforeTest()[pri:0, instance:automation.testrunner.testng@6580cfdd]" started-at="2020-04-11T21:00:00 IST" name="beforeTest" finished-at="2020-04-11T21:00:07 IST" duration-ms="7194" status="PASS">
          <reporter-output>
          </reporter-output>
        </test-method> <!-- beforeTest -->
        <test-method signature="logg()[pri:1, instance:automation.testrunner.testng@6580cfdd]" started-at="2020-04-11T21:00:07 IST" name="logg" finished-at="2020-04-11T21:00:46 IST" duration-ms="38776" status="PASS">
          <reporter-output>
          </reporter-output>
        </test-method> <!-- logg -->
        <test-method is-config="true" signature="afterTest()[pri:0, instance:automation.testrunner.testng@6580cfdd]" started-at="2020-04-11T21:00:46 IST" name="afterTest" finished-at="2020-04-11T21:00:46 IST" duration-ms="1" status="PASS">
          <reporter-output>
          </reporter-output>
        </test-method> <!-- afterTest -->
      </class> <!-- automation.testrunner.testng -->
    </test> <!-- Default test -->
  </suite> <!-- Default suite -->
</testng-results>
